{"/Users/taiabrahams/Documents/ecommerce/api/lib/request-time.js":{"path":"/Users/taiabrahams/Documents/ecommerce/api/lib/request-time.js","statementMap":{"0":{"start":{"line":1,"column":0},"end":{"line":4,"column":1}},"1":{"start":{"line":2,"column":4},"end":{"line":2,"column":33}},"2":{"start":{"line":3,"column":4},"end":{"line":3,"column":11}}},"fnMap":{"0":{"name":"(anonymous_0)","decl":{"start":{"line":1,"column":17},"end":{"line":1,"column":18}},"loc":{"start":{"line":1,"column":35},"end":{"line":4,"column":1}},"line":1}},"branchMap":{},"s":{"0":1,"1":1,"2":1},"f":{"0":1},"b":{},"_coverageSchema":"1a1c01bbd47fc00a2c39e90264f33305004495a9","hash":"f4686eae40378baf723c308cffc4a77ad6217b03","contentHash":"9d54ceeec516a093c9c324bde34ec9ce366d67411ab2296d76eea86216452282"}}